This is pdfTeX, Version 3.1415926-2.5-1.40.14 (TeX Live 2013/Debian) (format=latex 2016.2.10)  10 FEB 2016 14:25
entering extended mode
 restricted \write18 enabled.
 %&-line parsing enabled.
**foo.tex
(./foo.tex
LaTeX2e <2011/06/27>
Babel <3.9h> and hyphenation patterns for 2 languages loaded.
(/usr/share/texlive/texmf-dist/tex/latex/base/article.cls
Document Class: article 2007/10/19 v1.4h Standard LaTeX document class
(/usr/share/texlive/texmf-dist/tex/latex/base/size10.clo
File: size10.clo 2007/10/19 v1.4h Standard LaTeX file (size option)
)
\c@part=\count79
\c@section=\count80
\c@subsection=\count81
\c@subsubsection=\count82
\c@paragraph=\count83
\c@subparagraph=\count84
\c@figure=\count85
\c@table=\count86
\abovecaptionskip=\skip41
\belowcaptionskip=\skip42
\bibindent=\dimen102
)

! LaTeX Error: File `polski.sty' not found.

Type X to quit or <RETURN> to proceed,
or enter new name. (Default extension: sty)

Enter file name: 

! LaTeX Error: Unknown option `MeX' for package `polski'.

See the LaTeX manual or LaTeX Companion for explanation.
Type  H <return>  for immediate help.
 ...                                              
                                                  
l.3 \usepackage
               [latin2]{inputenc}
? 
(/usr/share/texlive/texmf-dist/tex/latex/base/inputenc.sty
Package: inputenc 2008/03/30 v1.1d Input encoding file
\inpenc@prehook=\toks14
\inpenc@posthook=\toks15

(/usr/share/texlive/texmf-dist/tex/latex/base/latin2.def
File: latin2.def 2008/03/30 v1.1d Input encoding file
)) (./foo.aux)
\openout1 = `foo.aux'.

LaTeX Font Info:    Checking defaults for OML/cmm/m/it on input line 7.
LaTeX Font Info:    ... okay on input line 7.
LaTeX Font Info:    Checking defaults for T1/cmr/m/n on input line 7.
LaTeX Font Info:    ... okay on input line 7.
LaTeX Font Info:    Checking defaults for OT1/cmr/m/n on input line 7.
LaTeX Font Info:    ... okay on input line 7.
LaTeX Font Info:    Checking defaults for OMS/cmsy/m/n on input line 7.
LaTeX Font Info:    ... okay on input line 7.
LaTeX Font Info:    Checking defaults for OMX/cmex/m/n on input line 7.
LaTeX Font Info:    ... okay on input line 7.
LaTeX Font Info:    Checking defaults for U/cmr/m/n on input line 7.
LaTeX Font Info:    ... okay on input line 7.
LaTeX Font Info:    External font `cmex10' loaded for size
(Font)              <12> on input line 8.
LaTeX Font Info:    External font `cmex10' loaded for size
(Font)              <8> on input line 8.
LaTeX Font Info:    External font `cmex10' loaded for size
(Font)              <6> on input line 8.

(./foo.toc)
\tf@toc=\write3
\openout3 = `foo.toc'.



! Package inputenc Error: Keyboard character used is undefined
(inputenc)                in inputencoding `latin2'.

See the inputenc package documentation for explanation.
Type  H <return>  for immediate help.
 ...                                              
                                                  
l.11 LaTeX jest systemem skł
                             adu znakomicie nadającym się do tworzenia pub...

? 

! Package inputenc Error: Keyboard character used is undefined
(inputenc)                in inputencoding `latin2'.

See the inputenc package documentation for explanation.
Type  H <return>  for immediate help.
 ...                                              
                                                  
l.11 ...X jest systemem składu znakomicie nadają
                                                  cym się do tworzenia publ...

? 

! Package inputenc Error: Keyboard character used is undefined
(inputenc)                in inputencoding `latin2'.

See the inputenc package documentation for explanation.
Type  H <return>  for immediate help.
 ...                                              
                                                  
l.11 ...ystemem składu znakomicie nadającym się
                                                   do tworzenia publikacji n...

? 

! Package inputenc Error: Keyboard character used is undefined
(inputenc)                in inputencoding `latin2'.

See the inputenc package documentation for explanation.
Type  H <return>  for immediate help.
 ...                                              
                                                  
l.11 ...naukowych i technicznych o wysokiej jakoś
                                                  ci typograficznej. LaTeX n...

? 

! Package inputenc Error: Keyboard character used is undefined
(inputenc)                in inputencoding `latin2'.

See the inputenc package documentation for explanation.
Type  H <return>  for immediate help.
 ...                                              
                                                  
l.11 ...jakości typograficznej. LaTeX nadaje się
                                                   również do przygotowywa...

? 

! Package inputenc Error: Keyboard character used is undefined
(inputenc)                in inputencoding `latin2'.

See the inputenc package documentation for explanation.
Type  H <return>  for immediate help.
 ...                                              
                                                  
l.12 poczynają
               c od prostych listów, a kończąc na grubych książkach.
? 

! Package inputenc Error: Keyboard character used is undefined
(inputenc)                in inputencoding `latin2'.

See the inputenc package documentation for explanation.
Type  H <return>  for immediate help.
 ...                                              
                                                  
l.12 poczynając od prostych listów, a koń
                                            cząc na grubych książkach.
? 

! Package inputenc Error: Keyboard character used is undefined
(inputenc)                in inputencoding `latin2'.

See the inputenc package documentation for explanation.
Type  H <return>  for immediate help.
 ...                                              
                                                  
l.12 poczynając od prostych listów, a kończą
                                                c na grubych książkach.
? 

! Package inputenc Error: Keyboard character used is undefined
(inputenc)                in inputencoding `latin2'.

See the inputenc package documentation for explanation.
Type  H <return>  for immediate help.
 ...                                              
                                                  
l.12 ...tych listów, a kończąc na grubych ksią
                                                  żkach.
? 

Overfull \hbox (3.13844pt too wide) in paragraph at lines 11--13
\OT1/cmr/m/n/10 likacji naukowych i tech-nicznych o wysok-iej jako[]Lci ty-pogr
aficznej. La-TeX nadaje
 []

[1

] (./foo.aux) ) 
Here is how much of TeX's memory you used:
 265 strings out of 495029
 3032 string characters out of 6181523
 48595 words of memory out of 5000000
 3541 multiletter control sequences out of 15000+600000
 7280 words of font info for 26 fonts, out of 8000000 for 9000
 14 hyphenation exceptions out of 8191
 23i,6n,17p,236b,187s stack positions out of 5000i,500n,10000p,200000b,80000s

Output written on foo.dvi (1 page, 1112 bytes).
